LineNum  Operator  |  Variables  |  Functions
0        DEF         |   []   |      []
1        print       |   []   |      [['green', 2]]
2        print       |   []   |      [['green', 2]]
3        END         |   []   |      [['green', 2]]
4        DEFEND      |   []   |      [['green', 2]]
5        DEF         |   []   |      [['green', 2]]
6        print       |   []   |      [['green', 2], ['red', 7]]
7        print       |   []   |      [['green', 2], ['red', 7]]
8        END         |   []   |      [['green', 2], ['red', 7]]
9        DEFEND      |   []   |      [['green', 2], ['red', 7]]
10        DEF         |   []   |      [['green', 2], ['red', 7]]
11        print       |   []   |      [['green', 2], ['red', 7], ['blue', 12]]
12        print       |   []   |      [['green', 2], ['red', 7], ['blue', 12]]
13        END         |   []   |      [['green', 2], ['red', 7], ['blue', 12]]
14        DEFEND      |   []   |      [['green', 2], ['red', 7], ['blue', 12]]
15        print       |   []   |      [['green', 2], ['red', 7], ['blue', 12]]
16        input       |   []   |      [['green', 2], ['red', 7], ['blue', 12]]
(INPUT: taking User Input 
(DEBUG: User input saved as [ color ] with data [ blue ] 
17        if          |   [[0, 'color', 'blue']]   |      [['green', 2], ['red', 7], ['blue', 12]]
18        if          |   [[0, 'color', 'blue']]   |      [['green', 2], ['red', 7], ['blue', 12]]
19        if          |   [[0, 'color', 'blue']]   |      [['green', 2], ['red', 7], ['blue', 12]]
11        print       |   [[0, 'color', 'blue']]   |      [['green', 2], ['red', 7], ['blue', 12]]
12        print       |   [[0, 'color', 'blue']]   |      [['green', 2], ['red', 7], ['blue', 12]]
13        END         |   [[0, 'color', 'blue']]   |      [['green', 2], ['red', 7], ['blue', 12]]
EOF Program over.
